<?xml version="1.0" encoding="UTF-8"?>
<testng-results skipped="0" failed="0" total="1" passed="1">
  <reporter-output>
  </reporter-output>
  <suite name="com.demoapp.seleniumtest.NewTest" duration-ms="12047" started-at="2017-12-30T22:46:03Z" finished-at="2017-12-30T22:46:15Z">
    <groups>
    </groups>
    <test name="Command line test" duration-ms="12047" started-at="2017-12-30T22:46:03Z" finished-at="2017-12-30T22:46:15Z">
      <class name="com.demoapp.seleniumtest.NewTest">
        <test-method status="PASS" signature="beforeTest()[pri:0, instance:com.demoapp.seleniumtest.NewTest@506e6d5e]" name="beforeTest" is-config="true" duration-ms="12031" started-at="2017-12-30T23:46:03Z" finished-at="2017-12-30T23:46:15Z">
          <reporter-output>
          </reporter-output>
        </test-method> <!-- beforeTest -->
        <test-method status="PASS" signature="f()[pri:0, instance:com.demoapp.seleniumtest.NewTest@506e6d5e]" name="f" duration-ms="2" started-at="2017-12-30T23:46:15Z" finished-at="2017-12-30T23:46:15Z">
          <reporter-output>
          </reporter-output>
        </test-method> <!-- f -->
        <test-method status="PASS" signature="afterTest()[pri:0, instance:com.demoapp.seleniumtest.NewTest@506e6d5e]" name="afterTest" is-config="true" duration-ms="0" started-at="2017-12-30T23:46:15Z" finished-at="2017-12-30T23:46:15Z">
          <reporter-output>
          </reporter-output>
        </test-method> <!-- afterTest -->
      </class> <!-- com.demoapp.seleniumtest.NewTest -->
    </test> <!-- Command line test -->
  </suite> <!-- com.demoapp.seleniumtest.NewTest -->
</testng-results>
