<?xml version="1.0" encoding="UTF-8"?>
<testng-results skipped="0" failed="0" total="1" passed="1">
  <reporter-output>
  </reporter-output>
  <suite name="Default suite" duration-ms="13954" started-at="2017-12-30T22:40:47Z" finished-at="2017-12-30T22:41:01Z">
    <groups>
    </groups>
    <test name="Default test" duration-ms="13954" started-at="2017-12-30T22:40:47Z" finished-at="2017-12-30T22:41:01Z">
      <class name="com.demoapp.seleniumtest.NewTest">
        <test-method status="PASS" signature="beforeTest()[pri:0, instance:com.demoapp.seleniumtest.NewTest@1593948d]" name="beforeTest" is-config="true" duration-ms="13874" started-at="2017-12-30T23:40:47Z" finished-at="2017-12-30T23:41:01Z">
          <reporter-output>
          </reporter-output>
        </test-method> <!-- beforeTest -->
        <test-method status="PASS" signature="f()[pri:0, instance:com.demoapp.seleniumtest.NewTest@1593948d]" name="f" duration-ms="10" started-at="2017-12-30T23:41:01Z" finished-at="2017-12-30T23:41:01Z">
          <reporter-output>
          </reporter-output>
        </test-method> <!-- f -->
        <test-method status="PASS" signature="afterTest()[pri:0, instance:com.demoapp.seleniumtest.NewTest@1593948d]" name="afterTest" is-config="true" duration-ms="1" started-at="2017-12-30T23:41:01Z" finished-at="2017-12-30T23:41:01Z">
          <reporter-output>
          </reporter-output>
        </test-method> <!-- afterTest -->
      </class> <!-- com.demoapp.seleniumtest.NewTest -->
    </test> <!-- Default test -->
  </suite> <!-- Default suite -->
</testng-results>
